# JRE version: Java(TM) SE Runtime Environment (9.0+11) (build 9.0.1+11)
# Java VM: Java HotSpot(TM) 64-Bit Server VM (9.0.1+11, mixed mode, tiered, compressed oops, g1 gc, bsd-amd64)
Heap:
 garbage-first heap   total 131072K, used 97265K [0x00000007a0000000, 0x00000007a0100400, 0x00000007c0000000)
  region size 1024K, 26 young (26624K), 4 survivors (4096K)
 Metaspace       used 41472K, capacity 42909K, committed 43132K, reserved 1087488K
  class space    used 5442K, capacity 5745K, committed 5760K, reserved 1048576K
GC Heap History (10 events):
Event: 10.904 GC heap before
{Heap before GC invocations=8 (full 0):
 garbage-first heap   total 131072K, used 67545K [0x00000007a0000000, 0x00000007a0100400, 0x00000007c0000000)
  region size 1024K, 7 young (7168K), 4 survivors (4096K)
 Metaspace       used 33180K, capacity 34500K, committed 34812K, reserved 1079296K
  class space    used 4826K, capacity 5114K, committed 5120K, reserved 1048576K
}
Event: 10.913 GC heap after
{Heap after GC invocations=9 (full 0):
 garbage-first heap   total 131072K, used 46299K [0x00000007a0000000, 0x00000007a0100400, 0x00000007c0000000)
  region size 1024K, 1 young (1024K), 1 survivors (1024K)
 Metaspace       used 33180K, capacity 34500K, committed 34812K, reserved 1079296K
  class space    used 4826K, capacity 5114K, committed 5120K, reserved 1048576K
}
Event: 12.669 GC heap before
{Heap before GC invocations=10 (full 0):
 garbage-first heap   total 131072K, used 85211K [0x00000007a0000000, 0x00000007a0100400, 0x00000007c0000000)
  region size 1024K, 36 young (36864K), 1 survivors (1024K)
 Metaspace       used 38805K, capacity 40147K, committed 40444K, reserved 1083392K
  class space    used 5255K, capacity 5562K, committed 5632K, reserved 1048576K
}
Event: 12.676 GC heap after
{Heap after GC invocations=11 (full 0):
 garbage-first heap   total 131072K, used 49478K [0x00000007a0000000, 0x00000007a0100400, 0x00000007c0000000)
  region size 1024K, 5 young (5120K), 5 survivors (5120K)
 Metaspace       used 38805K, capacity 40147K, committed 40444K, reserved 1083392K
  class space    used 5255K, capacity 5562K, committed 5632K, reserved 1048576K
}
Event: 16.657 GC heap before
{Heap before GC invocations=11 (full 0):
 garbage-first heap   total 131072K, used 88390K [0x00000007a0000000, 0x00000007a0100400, 0x00000007c0000000)
  region size 1024K, 44 young (45056K), 5 survivors (5120K)
 Metaspace       used 40648K, capacity 42083K, committed 42364K, reserved 1085440K
  class space    used 5400K, capacity 5692K, committed 5760K, reserved 1048576K
}
Event: 16.678 GC heap after
{Heap after GC invocations=12 (full 0):
 garbage-first heap   total 131072K, used 63903K [0x00000007a0000000, 0x00000007a0100400, 0x00000007c0000000)
  region size 1024K, 6 young (6144K), 6 survivors (6144K)
 Metaspace       used 40648K, capacity 42083K, committed 42364K, reserved 1085440K
  class space    used 5400K, capacity 5692K, committed 5760K, reserved 1048576K
}
Event: 20.660 GC heap before
{Heap before GC invocations=12 (full 0):
 garbage-first heap   total 131072K, used 91551K [0x00000007a0000000, 0x00000007a0100400, 0x00000007c0000000)
  region size 1024K, 33 young (33792K), 6 survivors (6144K)
 Metaspace       used 40929K, capacity 42359K, committed 42620K, reserved 1085440K
  class space    used 5416K, capacity 5698K, committed 5760K, reserved 1048576K
}
Event: 20.676 GC heap after
{Heap after GC invocations=13 (full 0):
 garbage-first heap   total 131072K, used 69868K [0x00000007a0000000, 0x00000007a0100400, 0x00000007c0000000)
  region size 1024K, 5 young (5120K), 5 survivors (5120K)
 Metaspace       used 40929K, capacity 42359K, committed 42620K, reserved 1085440K
  class space    used 5416K, capacity 5698K, committed 5760K, reserved 1048576K
}
Event: 23.592 GC heap before
{Heap before GC invocations=13 (full 0):
 garbage-first heap   total 131072K, used 96492K [0x00000007a0000000, 0x00000007a0100400, 0x00000007c0000000)
  region size 1024K, 32 young (32768K), 5 survivors (5120K)
 Metaspace       used 41014K, capacity 42359K, committed 42620K, reserved 1085440K
  class space    used 5416K, capacity 5698K, committed 5760K, reserved 1048576K
}
Event: 23.599 GC heap after
{Heap after GC invocations=14 (full 0):
 garbage-first heap   total 131072K, used 73713K [0x00000007a0000000, 0x00000007a0100400, 0x00000007c0000000)
  region size 1024K, 4 young (4096K), 4 survivors (4096K)
 Metaspace       used 41014K, capacity 42359K, committed 42620K, reserved 1085440K
  class space    used 5416K, capacity 5698K, committed 5760K, reserved 1048576K
}

