# JRE version: Java(TM) SE Runtime Environment (9.0+11) (build 9.0.1+11)
# Java VM: Java HotSpot(TM) 64-Bit Server VM (9.0.1+11, mixed mode, tiered, compressed oops, g1 gc, bsd-amd64)
Heap:
 garbage-first heap   total 393216K, used 201728K [0x0000000740000000, 0x0000000740100c00, 0x00000007c0000000)
  region size 1024K, 32 young (32768K), 4 survivors (4096K)
 Metaspace       used 45134K, capacity 46564K, committed 46928K, reserved 1089536K
  class space    used 7146K, capacity 7457K, committed 7552K, reserved 1048576K
GC Heap History (10 events):
Event: 27.449 GC heap before
{Heap before GC invocations=8 (full 0):
 garbage-first heap   total 131072K, used 77136K [0x0000000740000000, 0x0000000740100400, 0x00000007c0000000)
  region size 1024K, 33 young (33792K), 5 survivors (5120K)
 Metaspace       used 37920K, capacity 39325K, committed 39632K, reserved 1081344K
  class space    used 6508K, capacity 6823K, committed 6912K, reserved 1048576K
}
Event: 27.495 GC heap after
{Heap after GC invocations=9 (full 0):
 garbage-first heap   total 131072K, used 60460K [0x0000000740000000, 0x0000000740100400, 0x00000007c0000000)
  region size 1024K, 5 young (5120K), 5 survivors (5120K)
 Metaspace       used 37920K, capacity 39325K, committed 39632K, reserved 1081344K
  class space    used 6508K, capacity 6823K, committed 6912K, reserved 1048576K
}
Event: 27.616 GC heap before
{Heap before GC invocations=9 (full 0):
 garbage-first heap   total 131072K, used 86060K [0x0000000740000000, 0x0000000740100400, 0x00000007c0000000)
  region size 1024K, 30 young (30720K), 5 survivors (5120K)
 Metaspace       used 37922K, capacity 39325K, committed 39632K, reserved 1081344K
  class space    used 6508K, capacity 6823K, committed 6912K, reserved 1048576K
}
Event: 27.704 GC heap after
{Heap after GC invocations=10 (full 0):
 garbage-first heap   total 131072K, used 86896K [0x0000000740000000, 0x0000000740100400, 0x00000007c0000000)
  region size 1024K, 4 young (4096K), 4 survivors (4096K)
 Metaspace       used 37922K, capacity 39325K, committed 39632K, reserved 1081344K
  class space    used 6508K, capacity 6823K, committed 6912K, reserved 1048576K
}
Event: 27.984 GC heap before
{Heap before GC invocations=10 (full 0):
 garbage-first heap   total 131072K, used 98160K [0x0000000740000000, 0x0000000740100400, 0x00000007c0000000)
  region size 1024K, 15 young (15360K), 4 survivors (4096K)
 Metaspace       used 37961K, capacity 39325K, committed 39632K, reserved 1081344K
  class space    used 6511K, capacity 6823K, committed 6912K, reserved 1048576K
}
Event: 28.039 GC heap after
{Heap after GC invocations=11 (full 0):
 garbage-first heap   total 393216K, used 97792K [0x0000000740000000, 0x0000000740100c00, 0x00000007c0000000)
  region size 1024K, 2 young (2048K), 2 survivors (2048K)
 Metaspace       used 37961K, capacity 39325K, committed 39632K, reserved 1081344K
  class space    used 6511K, capacity 6823K, committed 6912K, reserved 1048576K
}
Event: 28.585 GC heap before
{Heap before GC invocations=11 (full 0):
 garbage-first heap   total 393216K, used 115200K [0x0000000740000000, 0x0000000740100c00, 0x00000007c0000000)
  region size 1024K, 19 young (19456K), 2 survivors (2048K)
 Metaspace       used 38059K, capacity 39453K, committed 39632K, reserved 1081344K
  class space    used 6529K, capacity 6823K, committed 6912K, reserved 1048576K
}
Event: 28.777 GC heap after
{Heap after GC invocations=12 (full 0):
 garbage-first heap   total 393216K, used 115712K [0x0000000740000000, 0x0000000740100c00, 0x00000007c0000000)
  region size 1024K, 3 young (3072K), 3 survivors (3072K)
 Metaspace       used 38059K, capacity 39453K, committed 39632K, reserved 1081344K
  class space    used 6529K, capacity 6823K, committed 6912K, reserved 1048576K
}
Event: 31.626 GC heap before
{Heap before GC invocations=13 (full 0):
 garbage-first heap   total 393216K, used 196608K [0x0000000740000000, 0x0000000740100c00, 0x00000007c0000000)
  region size 1024K, 32 young (32768K), 3 survivors (3072K)
 Metaspace       used 40253K, capacity 41689K, committed 41936K, reserved 1083392K
  class space    used 6730K, capacity 7055K, committed 7168K, reserved 1048576K
}
Event: 31.682 GC heap after
{Heap after GC invocations=14 (full 0):
 garbage-first heap   total 393216K, used 173056K [0x0000000740000000, 0x0000000740100c00, 0x00000007c0000000)
  region size 1024K, 4 young (4096K), 4 survivors (4096K)
 Metaspace       used 40253K, capacity 41689K, committed 41936K, reserved 1083392K
  class space    used 6730K, capacity 7055K, committed 7168K, reserved 1048576K
}

