# JRE version: Java(TM) SE Runtime Environment (9.0+11) (build 9.0.1+11)
# Java VM: Java HotSpot(TM) 64-Bit Server VM (9.0.1+11, mixed mode, tiered, compressed oops, g1 gc, bsd-amd64)
Heap:
 garbage-first heap   total 240640K, used 126598K [0x0000000740000000, 0x0000000740100758, 0x00000007c0000000)
  region size 1024K, 8 young (8192K), 4 survivors (4096K)
 Metaspace       used 45313K, capacity 46699K, committed 47004K, reserved 1089536K
  class space    used 7201K, capacity 7516K, committed 7636K, reserved 1048576K
GC Heap History (10 events):
Event: 17.806 GC heap before
{Heap before GC invocations=10 (full 0):
 garbage-first heap   total 157696K, used 96256K [0x0000000740000000, 0x00000007401004d0, 0x00000007c0000000)
  region size 1024K, 26 young (26624K), 2 survivors (2048K)
 Metaspace       used 38112K, capacity 39422K, committed 39580K, reserved 1081344K
  class space    used 6567K, capacity 6849K, committed 6868K, reserved 1048576K
}
Event: 17.910 GC heap after
{Heap after GC invocations=11 (full 0):
 garbage-first heap   total 157696K, used 96242K [0x0000000740000000, 0x00000007401004d0, 0x00000007c0000000)
  region size 1024K, 4 young (4096K), 4 survivors (4096K)
 Metaspace       used 38112K, capacity 39422K, committed 39580K, reserved 1081344K
  class space    used 6567K, capacity 6849K, committed 6868K, reserved 1048576K
}
Event: 18.260 GC heap before
{Heap before GC invocations=11 (full 0):
 garbage-first heap   total 157696K, used 107506K [0x0000000740000000, 0x00000007401004d0, 0x00000007c0000000)
  region size 1024K, 15 young (15360K), 4 survivors (4096K)
 Metaspace       used 38309K, capacity 39646K, committed 39964K, reserved 1083392K
  class space    used 6588K, capacity 6881K, committed 6996K, reserved 1048576K
}
Event: 18.410 GC heap after
{Heap after GC invocations=12 (full 0):
 garbage-first heap   total 157696K, used 106496K [0x0000000740000000, 0x00000007401004d0, 0x00000007c0000000)
  region size 1024K, 2 young (2048K), 2 survivors (2048K)
 Metaspace       used 38309K, capacity 39646K, committed 39964K, reserved 1083392K
  class space    used 6588K, capacity 6881K, committed 6996K, reserved 1048576K
}
Event: 19.556 GC heap before
{Heap before GC invocations=13 (full 0):
 garbage-first heap   total 157696K, used 138240K [0x0000000740000000, 0x00000007401004d0, 0x00000007c0000000)
  region size 1024K, 13 young (13312K), 2 survivors (2048K)
 Metaspace       used 38741K, capacity 40040K, committed 40476K, reserved 1083392K
  class space    used 6610K, capacity 6882K, committed 6996K, reserved 1048576K
}
Event: 19.615 GC heap after
{Heap after GC invocations=14 (full 0):
 garbage-first heap   total 240640K, used 130560K [0x0000000740000000, 0x0000000740100758, 0x00000007c0000000)
  region size 1024K, 2 young (2048K), 2 survivors (2048K)
 Metaspace       used 38741K, capacity 40040K, committed 40476K, reserved 1083392K
  class space    used 6610K, capacity 6882K, committed 6996K, reserved 1048576K
}
Event: 20.512 GC heap before
{Heap before GC invocations=14 (full 0):
 garbage-first heap   total 240640K, used 148992K [0x0000000740000000, 0x0000000740100758, 0x00000007c0000000)
  region size 1024K, 21 young (21504K), 2 survivors (2048K)
 Metaspace       used 40825K, capacity 42144K, committed 42396K, reserved 1085440K
  class space    used 6839K, capacity 7114K, committed 7124K, reserved 1048576K
}
Event: 20.525 GC heap after
{Heap after GC invocations=15 (full 0):
 garbage-first heap   total 240640K, used 119789K [0x0000000740000000, 0x0000000740100758, 0x00000007c0000000)
  region size 1024K, 4 young (4096K), 4 survivors (4096K)
 Metaspace       used 40825K, capacity 42144K, committed 42396K, reserved 1085440K
  class space    used 6839K, capacity 7114K, committed 7124K, reserved 1048576K
}
Event: 22.681 GC heap before
{Heap before GC invocations=16 (full 0):
 garbage-first heap   total 240640K, used 138221K [0x0000000740000000, 0x0000000740100758, 0x00000007c0000000)
  region size 1024K, 22 young (22528K), 4 survivors (4096K)
 Metaspace       used 44817K, capacity 46163K, committed 46620K, reserved 1089536K
  class space    used 7135K, capacity 7428K, committed 7508K, reserved 1048576K
}
Event: 22.703 GC heap after
{Heap after GC invocations=17 (full 0):
 garbage-first heap   total 240640K, used 113286K [0x0000000740000000, 0x0000000740100758, 0x00000007c0000000)
  region size 1024K, 4 young (4096K), 4 survivors (4096K)
 Metaspace       used 44817K, capacity 46163K, committed 46620K, reserved 1089536K
  class space    used 7135K, capacity 7428K, committed 7508K, reserved 1048576K
}

